<?xml version="1.0" encoding="UTF-8"?>
<!-- Generated by org.testng.reporters.JUnitXMLReporter -->
<testsuite hostname="DESKTOP-P12432T" ignored="0" name="cTest" tests="4" failures="0" timestamp="03 Mar 2019 01:45:02 GMT" time="19.027" errors="0">
  <testcase name="launchBrowser" time="16.892" classname="TestNGParameterization.CrossBrowserTest"/>
  <testcase name="verifyTitle" time="0.014" classname="TestNGParameterization.CrossBrowserTest"/>
  <testcase name="registration" time="0.002" classname="TestNGParameterization.CrossBrowserTest"/>
  <testcase name="closeBrowwser" time="2.068" classname="TestNGParameterization.CrossBrowserTest"/>
</testsuite> <!-- cTest -->
