<?xml version="1.0" encoding="UTF-8"?>
<!-- Generated by org.testng.reporters.JUnitXMLReporter -->
<testsuite hostname="DESKTOP-P12432T" ignored="0" name="fTest" tests="4" failures="0" timestamp="03 Mar 2019 01:45:03 GMT" time="20.963" errors="0">
  <testcase name="launchBrowser" time="20.021" classname="TestNGParameterization.CrossBrowserTest"/>
  <testcase name="verifyTitle" time="0.006" classname="TestNGParameterization.CrossBrowserTest"/>
  <testcase name="registration" time="0.001" classname="TestNGParameterization.CrossBrowserTest"/>
  <testcase name="closeBrowwser" time="0.902" classname="TestNGParameterization.CrossBrowserTest"/>
</testsuite> <!-- fTest -->
