<?xml version="1.0" encoding="UTF-8"?>
<!-- Generated by org.testng.reporters.JUnitXMLReporter -->
<testsuite hostname="DESKTOP-P12432T" ignored="0" name="parallelTest" tests="4" failures="0" timestamp="01 Mar 2019 22:18:43 GMT" time="16.2" errors="0">
  <testcase name="launchBrowser" time="15.346" classname="TestNGParameterization.CrossBrowserTest"/>
  <testcase name="verifyTitle" time="0.036" classname="TestNGParameterization.CrossBrowserTest"/>
  <testcase name="registration" time="0.001" classname="TestNGParameterization.CrossBrowserTest"/>
  <testcase name="closeBrowwser" time="0.762" classname="TestNGParameterization.CrossBrowserTest"/>
</testsuite> <!-- parallelTest -->
