<?xml version="1.0" encoding="UTF-8"?>
<!-- Generated by org.testng.reporters.JUnitXMLReporter -->
<testsuite hostname="DESKTOP-P12432T" ignored="0" name="listernerTest" tests="3" failures="1" timestamp="05 Mar 2019 19:45:34 GMT" time="0.052" errors="0">
  <testcase name="setup" time="0.013" classname="TestNGListeners.LoginTest">
    <failure type="java.lang.AssertionError" message="null">
      <![CDATA[java.lang.AssertionError: null
at TestNGListeners.LoginTest.setup(LoginTest.java:19)
... Removed 27 stack frames]]>
    </failure>
  </testcase> <!-- setup -->
  <testcase name="loginByEmail" time="0.004" classname="TestNGListeners.LoginTest"/>
  <testcase name="loginByFacebook" time="0.0" classname="TestNGListeners.LoginTest">
    <skipped/>
  </testcase> <!-- loginByFacebook -->
</testsuite> <!-- listernerTest -->
