<?xml version="1.0" encoding="UTF-8"?>
<!-- Generated by org.testng.reporters.JUnitXMLReporter -->
<testsuite hostname="DESKTOP-P12432T" ignored="0" name="groupTest" tests="9" failures="0" timestamp="04 Mar 2019 23:07:52 GMT" time="0.069" errors="0">
  <testcase name="loginByEmail" time="0.009" classname="TestNGGrouping.GroupingDemo"/>
  <testcase name="loginByFacbook" time="0.002" classname="TestNGGrouping.GroupingDemo"/>
  <testcase name="loginByTwitter" time="0.002" classname="TestNGGrouping.GroupingDemo"/>
  <testcase name="signupByemail" time="0.001" classname="TestNGGrouping.GroupingDemo"/>
  <testcase name="signupByFacebook" time="0.001" classname="TestNGGrouping.GroupingDemo"/>
  <testcase name="signupByTwitter" time="0.001" classname="TestNGGrouping.GroupingDemo"/>
  <testcase name="paymentReturnsByBank" time="0.001" classname="TestNGGrouping.GroupingDemo"/>
  <testcase name="paymentinDollars" time="0.0" classname="TestNGGrouping.GroupingDemo"/>
  <testcase name="paymentinRupees" time="0.002" classname="TestNGGrouping.GroupingDemo"/>
</testsuite> <!-- groupTest -->
