<?xml version="1.0" encoding="UTF-8"?>
<!-- Generated by org.testng.reporters.JUnitXMLReporter -->
<testsuite hostname="DESKTOP-P12432T" ignored="0" name="groupTest2" tests="4" failures="0" timestamp="04 Mar 2019 23:33:05 GMT" time="0.05" errors="0">
  <testcase name="loginByEmail" time="0.009" classname="TestNGGrouping.TC1"/>
  <testcase name="loginByFacbook" time="0.003" classname="TestNGGrouping.TC1"/>
  <testcase name="loginByTwitter" time="0.001" classname="TestNGGrouping.TC1"/>
  <testcase name="signupbyemail" time="0.0" classname="TestNGGrouping.TC3"/>
</testsuite> <!-- groupTest2 -->
