<?xml version="1.0" encoding="UTF-8"?>
<!-- Generated by org.testng.reporters.JUnitXMLReporter -->
<testsuite hostname="DESKTOP-P12432T" ignored="0" name="Test" tests="3" failures="0" timestamp="01 Mar 2019 20:42:20 GMT" time="0.051" errors="0">
  <testcase name="search" time="0.004" classname="TestNG.AnnotationMethodDemo"/>
  <testcase name="openURL" time="0.002" classname="TestNG.DemoFISRSTest"/>
  <testcase name="search" time="0.002" classname="TestNG.AnnotationMethodDemo1"/>
</testsuite> <!-- Test -->
